.\Debug\hge_tut01.ilk
.\Debug\hge_tut01.pdb
E:\Matrix\.\Debug\hge_tut01.exe
E:\Matrix\.\Debug\hge_tut01.exe.intermediate.manifest
E:\MATRIX\DEBUG\AIC.OBJ
E:\MATRIX\DEBUG\AUTOBLACK.OBJ
E:\MATRIX\DEBUG\BACKGROUND.OBJ
E:\MATRIX\DEBUG\BOX.OBJ
E:\MATRIX\DEBUG\CHARACTER.OBJ
E:\Matrix\Debug\cl.command.1.tlog
E:\Matrix\Debug\CL.read.1.tlog
E:\Matrix\Debug\CL.write.1.tlog
E:\MATRIX\DEBUG\CURSOR.OBJ
E:\MATRIX\DEBUG\EFFECT.OBJ
E:\MATRIX\DEBUG\GARDEN.OBJ
E:\MATRIX\DEBUG\GFXEDIT.OBJ
E:\MATRIX\DEBUG\GFXFONT.OBJ
E:\MATRIX\DEBUG\HGE_TUT01.EXE
E:\MATRIX\DEBUG\HGE_TUT01.EXE.EMBED.MANIFEST
E:\MATRIX\DEBUG\HGE_TUT01.EXE.EMBED.MANIFEST.RES
E:\MATRIX\DEBUG\HGE_TUT01.EXE.INTERMEDIATE.MANIFEST
E:\MATRIX\DEBUG\HGE_TUT01.ILK
E:\MATRIX\DEBUG\HGE_TUT01.PDB
E:\Matrix\Debug\hge_tut01_manifest.rc
E:\Matrix\Debug\link.36064.read.1.tlog
E:\Matrix\Debug\link.36064.write.1.tlog
E:\Matrix\Debug\link.36064-cvtres.read.1.tlog
E:\Matrix\Debug\link.36064-cvtres.write.1.tlog
E:\Matrix\Debug\link.command.1.tlog
E:\Matrix\Debug\link.read.1.tlog
E:\Matrix\Debug\link.write.1.tlog
E:\Matrix\Debug\link-cvtres.read.1.tlog
E:\Matrix\Debug\link-cvtres.write.1.tlog
E:\MATRIX\DEBUG\MATRIX.OBJ
E:\MATRIX\DEBUG\MATRIX.RES
E:\MATRIX\DEBUG\MENUITEM.OBJ
E:\Matrix\Debug\mt.command.1.tlog
E:\Matrix\Debug\mt.read.1.tlog
E:\Matrix\Debug\mt.write.1.tlog
E:\MATRIX\DEBUG\ORZ.OBJ
E:\MATRIX\DEBUG\ORZ2.OBJ
E:\Matrix\Debug\rc.command.1.tlog
E:\Matrix\Debug\rc.read.1.tlog
E:\Matrix\Debug\rc.write.1.tlog
E:\MATRIX\DEBUG\READAI.OBJ
E:\MATRIX\DEBUG\REN.OBJ
E:\MATRIX\DEBUG\SKILL.OBJ
E:\MATRIX\DEBUG\SOUND.OBJ
E:\MATRIX\DEBUG\STAR.OBJ
E:\MATRIX\DEBUG\STARS.OBJ
E:\MATRIX\DEBUG\TIMER.OBJ
E:\Matrix\Debug\vc100.idb
E:\MATRIX\DEBUG\VC100.PDB
