生成启动时间为 2012/12/7 10:54:57。
     1>项目“H:\Turing\Matrix\hge_tut01.vcxproj”在节点 2 上(build 个目标)。
     1>InitializeBuildStatus:
         正在创建“.\Debug\hge_tut01.unsuccessfulbuild”，因为已指定“AlwaysCreate”。
       ClCompile:
         所有输出均为最新。
       ResourceCompile:
         所有输出均为最新。
       ManifestResourceCompile:
         所有输出均为最新。
       Link:
         所有输出均为最新。
       Manifest:
         所有输出均为最新。
       FinalizeBuildStatus:
         正在删除文件“.\Debug\hge_tut01.unsuccessfulbuild”。
         正在对“.\Debug\hge_tut01.lastbuildstate”执行 Touch 任务。
     1>已完成生成项目“H:\Turing\Matrix\hge_tut01.vcxproj”(build 个目标)的操作。

生成成功。

已用时间 00:00:00.13
