生成启动时间为 2012/10/19 12:45:00。
     1>项目“H:\Turing\Matrix_AI_user\AI_user\AI_user.vcxproj”在节点 2 上(build 个目标)。
     1>InitializeBuildStatus:
         正在创建“Release\AI_user.unsuccessfulbuild”，因为已指定“AlwaysCreate”。
       ClCompile:
         所有输出均为最新。
         d:\Program Files\Microsoft Visual Studio 10.0\VC\bin\CL.exe /c /Zi /nologo /W3 /WX- /O2 /Oi /Oy- /GL /D WIN32 /D NDEBUG /D _WINDOWS /D _USRDLL /D AI_USER_EXPORTS /D _WINDLL /D _UNICODE /D UNICODE /Gm- /EHsc /MD /GS /Gy /fp:precise /Zc:wchar_t /Zc:forScope /Fo"Release\\" /Fd"Release\vc100.pdb" /Gd /TP /analyze- /errorReport:prompt dllmain.cpp
         dllmain.cpp
       Link:
         d:\Program Files\Microsoft Visual Studio 10.0\VC\bin\link.exe /ERRORREPORT:PROMPT /OUT:"H:\Turing\Matrix_AI_user\Release\AI_user.dll" /INCREMENTAL:NO /NOLOGO kernel32.lib user32.lib gdi32.lib winspool.lib comdlg32.lib advapi32.lib shell32.lib ole32.lib oleaut32.lib uuid.lib odbc32.lib odbccp32.lib /MANIFEST /ManifestFile:"Release\AI_user.dll.intermediate.manifest" /MANIFESTUAC:"level='asInvoker' uiAccess='false'" /DEBUG /PDB:"H:\Turing\Matrix_AI_user\Release\AI_user.pdb" /SUBSYSTEM:WINDOWS /OPT:REF /OPT:ICF /LTCG /TLBID:1 /DYNAMICBASE /NXCOMPAT /IMPLIB:"H:\Turing\Matrix_AI_user\Release\AI_user.lib" /MACHINE:X86 /DLL Release\Main.obj
         Release\dllmain.obj
         Release\stdafx.obj
            正在创建库 H:\Turing\Matrix_AI_user\Release\AI_user.lib 和对象 H:\Turing\Matrix_AI_user\Release\AI_user.exp
         正在生成代码
         已完成代码的生成
         AI_user.vcxproj -> H:\Turing\Matrix_AI_user\Release\AI_user.dll
       Manifest:
         C:\Program Files\Microsoft SDKs\Windows\v7.0A\bin\mt.exe /nologo /verbose /outputresource:"H:\Turing\Matrix_AI_user\Release\AI_user.dll;#2" /manifest Release\AI_user.dll.intermediate.manifest
       FinalizeBuildStatus:
         正在删除文件“Release\AI_user.unsuccessfulbuild”。
         正在对“Release\AI_user.lastbuildstate”执行 Touch 任务。
     1>已完成生成项目“H:\Turing\Matrix_AI_user\AI_user\AI_user.vcxproj”(build 个目标)的操作。

生成成功。

已用时间 00:00:01.99
