生成启动时间为 2012/10/19 12:18:26。
     1>项目“H:\Turing\Matrix_AI_user\AI_user\AI_user.vcxproj”在节点 2 上(build 个目标)。
     1>InitializeBuildStatus:
         正在对“Debug\AI_user.unsuccessfulbuild”执行 Touch 任务。
       ClCompile:
         所有输出均为最新。
         d:\Program Files\Microsoft Visual Studio 10.0\VC\bin\CL.exe /c /ZI /nologo /W3 /WX- /Od /Oy- /D WIN32 /D _DEBUG /D _WINDOWS /D _USRDLL /D AI_USER_EXPORTS /D _WINDLL /D _UNICODE /D UNICODE /Gm /EHsc /RTC1 /MDd /GS /fp:precise /Zc:wchar_t /Zc:forScope /Yu"StdAfx.h" /Fp"Debug\AI_user.pch" /Fo"Debug\\" /Fd"Debug\vc100.pdb" /Gd /TP /analyze- /errorReport:prompt Main.cpp
         Main.cpp
         所有输出均为最新。
       ManifestResourceCompile:
         所有输出均为最新。
       Link:
         d:\Program Files\Microsoft Visual Studio 10.0\VC\bin\link.exe /ERRORREPORT:PROMPT /OUT:"../AI/AI_user.dll" /INCREMENTAL /NOLOGO kernel32.lib user32.lib gdi32.lib winspool.lib comdlg32.lib advapi32.lib shell32.lib ole32.lib oleaut32.lib uuid.lib odbc32.lib odbccp32.lib /MANIFEST /ManifestFile:"Debug\AI_user.dll.intermediate.manifest" /MANIFESTUAC:"level='asInvoker' uiAccess='false'" /DEBUG /PDB:"H:\Turing\Matrix_AI_user\AI\AI_user.pdb" /SUBSYSTEM:WINDOWS /TLBID:1 /DYNAMICBASE /NXCOMPAT /IMPLIB:"../AI/AI_user.lib" /MACHINE:X86 /DLL Debug\AI_user.dll.embed.manifest.res
         Debug\Main.obj
         Debug\dllmain.obj
         Debug\stdafx.obj
            正在创建库 ../AI/AI_user.lib 和对象 ../AI/AI_user.exp
       Manifest:
         C:\Program Files\Microsoft SDKs\Windows\v7.0A\bin\mt.exe /nologo /verbose /out:"Debug\AI_user.dll.embed.manifest" /manifest Debug\AI_user.dll.intermediate.manifest
         所有输出均为最新。
       LinkEmbedManifest:
         所有输出均为最新。
         AI_user.vcxproj -> H:\Turing\Matrix_AI_user\AI_user\../AI/AI_user.dll
       FinalizeBuildStatus:
         正在删除文件“Debug\AI_user.unsuccessfulbuild”。
         正在对“Debug\AI_user.lastbuildstate”执行 Touch 任务。
     1>已完成生成项目“H:\Turing\Matrix_AI_user\AI_user\AI_user.vcxproj”(build 个目标)的操作。

生成成功。

已用时间 00:00:00.93
