E:\MATRIX\RELEASE\AIC.OBJ
E:\MATRIX\RELEASE\AUTOBLACK.OBJ
E:\MATRIX\RELEASE\BACKGROUND.OBJ
E:\MATRIX\RELEASE\BOX.OBJ
E:\MATRIX\RELEASE\CHARACTER.OBJ
E:\MATRIX\RELEASE\CURSOR.OBJ
E:\MATRIX\RELEASE\EFFECT.OBJ
E:\MATRIX\RELEASE\GARDEN.OBJ
E:\MATRIX\RELEASE\GFXEDIT.OBJ
E:\MATRIX\RELEASE\GFXFONT.OBJ
E:\MATRIX\RELEASE\HGE_TUT01.EXE
E:\MATRIX\RELEASE\HGE_TUT01.EXE.INTERMEDIATE.MANIFEST
E:\MATRIX\RELEASE\MATRIX.OBJ
E:\MATRIX\RELEASE\MATRIX.RES
E:\MATRIX\RELEASE\MENUITEM.OBJ
E:\MATRIX\RELEASE\ORZ.OBJ
E:\MATRIX\RELEASE\ORZ2.OBJ
E:\MATRIX\RELEASE\READAI.OBJ
E:\MATRIX\RELEASE\REN.OBJ
E:\MATRIX\RELEASE\SKILL.OBJ
E:\MATRIX\RELEASE\SOUND.OBJ
E:\MATRIX\RELEASE\STAR.OBJ
E:\MATRIX\RELEASE\STARS.OBJ
E:\MATRIX\RELEASE\TIMER.OBJ
E:\MATRIX\RELEASE\VC100.PDB
H:\Turing\Matrix\.\Release\hge_tut01.exe.intermediate.manifest
H:\TURING\MATRIX\RELEASE\AIC.OBJ
H:\TURING\MATRIX\RELEASE\AUTOBLACK.OBJ
H:\TURING\MATRIX\RELEASE\BACKGROUND.OBJ
H:\TURING\MATRIX\RELEASE\BOX.OBJ
H:\TURING\MATRIX\RELEASE\CHARACTER.OBJ
H:\Turing\Matrix\Release\cl.command.1.tlog
H:\Turing\Matrix\Release\CL.read.1.tlog
H:\Turing\Matrix\Release\CL.write.1.tlog
H:\TURING\MATRIX\RELEASE\CURSOR.OBJ
H:\TURING\MATRIX\RELEASE\EFFECT.OBJ
H:\TURING\MATRIX\RELEASE\GARDEN.OBJ
H:\TURING\MATRIX\RELEASE\GFXEDIT.OBJ
H:\TURING\MATRIX\RELEASE\GFXFONT.OBJ
H:\TURING\MATRIX\RELEASE\HGE_TUT01.EXE
H:\TURING\MATRIX\RELEASE\HGE_TUT01.EXE.INTERMEDIATE.MANIFEST
H:\Turing\Matrix\Release\link.command.1.tlog
H:\Turing\Matrix\Release\link.read.1.tlog
H:\Turing\Matrix\Release\link.write.1.tlog
H:\Turing\Matrix\Release\link-cvtres.read.1.tlog
H:\Turing\Matrix\Release\link-cvtres.write.1.tlog
H:\TURING\MATRIX\RELEASE\MATRIX.OBJ
H:\TURING\MATRIX\RELEASE\MATRIX.RES
H:\TURING\MATRIX\RELEASE\MENUITEM.OBJ
H:\Turing\Matrix\Release\mt.command.1.tlog
H:\Turing\Matrix\Release\mt.read.1.tlog
H:\Turing\Matrix\Release\mt.write.1.tlog
H:\TURING\MATRIX\RELEASE\ORZ.OBJ
H:\TURING\MATRIX\RELEASE\ORZ2.OBJ
H:\Turing\Matrix\Release\rc.command.1.tlog
H:\Turing\Matrix\Release\rc.read.1.tlog
H:\Turing\Matrix\Release\rc.write.1.tlog
H:\TURING\MATRIX\RELEASE\READAI.OBJ
H:\TURING\MATRIX\RELEASE\REN.OBJ
H:\TURING\MATRIX\RELEASE\SKILL.OBJ
H:\TURING\MATRIX\RELEASE\SOUND.OBJ
H:\TURING\MATRIX\RELEASE\STAR.OBJ
H:\TURING\MATRIX\RELEASE\STARS.OBJ
H:\TURING\MATRIX\RELEASE\TIMER.OBJ
H:\TURING\MATRIX\RELEASE\VC100.PDB
H:\TURING\MATRIX\RELEASE\VIDEOWND.OBJ
